app/build/intermediates/manifest_merge_blame_file/debug/processDebugMainManifest/manifest-merger-blame-debug-report.txt
1<?xml version="1.0" encoding="utf-8"?>
2<manifest xmlns:android="http://schemas.android.com/apk/res/android"
3    package="com.nonsensechat.app"
4    android:versionCode="1"
5    android:versionName="1.0" >
6
7    <uses-sdk
8        android:minSdkVersion="24"
9        android:targetSdkVersion="35" />
10
11    <uses-permission android:name="android.permission.INTERNET" />
11-->src\main\AndroidManifest.xml:5:5-67
11-->src\main\AndroidManifest.xml:5:22-64
12    <uses-permission android:name="android.permission.ACCESS_NETWORK_STATE" />
12-->src\main\AndroidManifest.xml:6:5-79
12-->src\main\AndroidManifest.xml:6:22-76
13    <uses-permission android:name="android.permission.POST_NOTIFICATIONS" />
13-->src\main\AndroidManifest.xml:7:5-77
13-->src\main\AndroidManifest.xml:7:22-74
14    <uses-permission android:name="android.permission.VIBRATE" />
14-->src\main\AndroidManifest.xml:8:5-66
14-->src\main\AndroidManifest.xml:8:22-63
15    <!--
16         Built-in photo/video picker (MediaStore grid in the attach sheet). API 33+ uses the
17         granular READ_MEDIA_* perms; older devices fall back to READ_EXTERNAL_STORAGE.
18    -->
19    <uses-permission android:name="android.permission.READ_MEDIA_IMAGES" />
19-->src\main\AndroidManifest.xml:11:5-76
19-->src\main\AndroidManifest.xml:11:22-73
20    <uses-permission android:name="android.permission.READ_MEDIA_VIDEO" />
20-->src\main\AndroidManifest.xml:12:5-75
20-->src\main\AndroidManifest.xml:12:22-72
21    <uses-permission android:name="android.permission.READ_MEDIA_VISUAL_USER_SELECTED" />
21-->src\main\AndroidManifest.xml:13:5-90
21-->src\main\AndroidManifest.xml:13:22-87
22    <uses-permission
22-->src\main\AndroidManifest.xml:14:5-15:38
23        android:name="android.permission.READ_EXTERNAL_STORAGE"
23-->src\main\AndroidManifest.xml:14:22-77
24        android:maxSdkVersion="32" />
24-->src\main\AndroidManifest.xml:15:9-35
25    <!-- Voice / video calls. -->
26    <uses-permission android:name="android.permission.CAMERA" />
26-->src\main\AndroidManifest.xml:17:5-65
26-->src\main\AndroidManifest.xml:17:22-62
27    <uses-permission android:name="android.permission.RECORD_AUDIO" />
27-->src\main\AndroidManifest.xml:18:5-71
27-->src\main\AndroidManifest.xml:18:22-68
28    <uses-permission android:name="android.permission.MODIFY_AUDIO_SETTINGS" />
28-->src\main\AndroidManifest.xml:19:5-80
28-->src\main\AndroidManifest.xml:19:22-77
29    <uses-permission android:name="android.permission.BLUETOOTH_CONNECT" />
29-->src\main\AndroidManifest.xml:20:5-76
29-->src\main\AndroidManifest.xml:20:22-73
30    <uses-permission android:name="android.permission.FOREGROUND_SERVICE" />
30-->src\main\AndroidManifest.xml:21:5-77
30-->src\main\AndroidManifest.xml:21:22-74
31    <uses-permission android:name="android.permission.FOREGROUND_SERVICE_MICROPHONE" />
31-->src\main\AndroidManifest.xml:22:5-88
31-->src\main\AndroidManifest.xml:22:22-85
32    <uses-permission android:name="android.permission.FOREGROUND_SERVICE_CAMERA" />
32-->src\main\AndroidManifest.xml:23:5-84
32-->src\main\AndroidManifest.xml:23:22-81
33    <uses-permission android:name="android.permission.FOREGROUND_SERVICE_SPECIAL_USE" />
33-->src\main\AndroidManifest.xml:24:5-89
33-->src\main\AndroidManifest.xml:24:22-86
34
35    <uses-feature
35-->src\main\AndroidManifest.xml:25:5-85
36        android:name="android.hardware.camera"
36-->src\main\AndroidManifest.xml:25:19-57
37        android:required="false" />
37-->src\main\AndroidManifest.xml:25:58-82
38    <uses-feature
38-->src\main\AndroidManifest.xml:26:5-89
39        android:name="android.hardware.microphone"
39-->src\main\AndroidManifest.xml:26:19-61
40        android:required="false" />
40-->src\main\AndroidManifest.xml:26:62-86
41
42    <uses-permission android:name="android.permission.WAKE_LOCK" /> <!-- Required by older versions of Google Play services to create IID tokens -->
42-->[com.google.firebase:firebase-messaging:24.1.0] AndroidManifest.xml:24:5-68
42-->[com.google.firebase:firebase-messaging:24.1.0] AndroidManifest.xml:24:22-65
43    <uses-permission android:name="com.google.android.c2dm.permission.RECEIVE" />
43-->[com.google.firebase:firebase-messaging:24.1.0] AndroidManifest.xml:26:5-82
43-->[com.google.firebase:firebase-messaging:24.1.0] AndroidManifest.xml:26:22-79
44
45    <permission
45-->[androidx.core:core:1.15.0] AndroidManifest.xml:22:5-24:47
46        android:name="com.nonsensechat.app.DYNAMIC_RECEIVER_NOT_EXPORTED_PERMISSION"
46-->[androidx.core:core:1.15.0] AndroidManifest.xml:23:9-81
47        android:protectionLevel="signature" />
47-->[androidx.core:core:1.15.0] AndroidManifest.xml:24:9-44
48
49    <uses-permission android:name="com.nonsensechat.app.DYNAMIC_RECEIVER_NOT_EXPORTED_PERMISSION" />
49-->[androidx.core:core:1.15.0] AndroidManifest.xml:26:5-97
49-->[androidx.core:core:1.15.0] AndroidManifest.xml:26:22-94
50
51    <application
51-->src\main\AndroidManifest.xml:28:5-93:19
52        android:name="com.nonsense.chat.NonsenseApp"
52-->src\main\AndroidManifest.xml:29:9-36
53        android:allowBackup="true"
53-->src\main\AndroidManifest.xml:30:9-35
54        android:appComponentFactory="androidx.core.app.CoreComponentFactory"
54-->[androidx.core:core:1.15.0] AndroidManifest.xml:28:18-86
55        android:debuggable="true"
56        android:extractNativeLibs="false"
57        android:icon="@mipmap/nonsensechat"
57-->src\main\AndroidManifest.xml:31:9-44
58        android:label="@string/app_name"
58-->src\main\AndroidManifest.xml:32:9-41
59        android:roundIcon="@mipmap/nonsensechat_round"
59-->src\main\AndroidManifest.xml:33:9-55
60        android:supportsRtl="true"
60-->src\main\AndroidManifest.xml:34:9-35
61        android:testOnly="true"
62        android:theme="@style/Theme.NonsenseChat" >
62-->src\main\AndroidManifest.xml:35:9-50
63        <activity
63-->src\main\AndroidManifest.xml:38:9-48:20
64            android:name="com.nonsense.chat.MainActivity"
64-->src\main\AndroidManifest.xml:39:13-41
65            android:exported="true"
65-->src\main\AndroidManifest.xml:40:13-36
66            android:launchMode="singleTask"
66-->src\main\AndroidManifest.xml:41:13-44
67            android:theme="@style/Theme.NonsenseChat"
67-->src\main\AndroidManifest.xml:43:13-54
68            android:windowSoftInputMode="adjustResize" >
68-->src\main\AndroidManifest.xml:42:13-55
69            <intent-filter>
69-->src\main\AndroidManifest.xml:44:13-47:29
70                <action android:name="android.intent.action.MAIN" />
70-->src\main\AndroidManifest.xml:45:17-69
70-->src\main\AndroidManifest.xml:45:25-66
71
72                <category android:name="android.intent.category.LAUNCHER" />
72-->src\main\AndroidManifest.xml:46:17-77
72-->src\main\AndroidManifest.xml:46:27-74
73            </intent-filter>
74        </activity>
75
76        <!-- FCM: receives data messages; posts notifications (see push/FcmService.kt). -->
77        <service
77-->src\main\AndroidManifest.xml:51:9-57:19
78            android:name="com.nonsense.chat.push.FcmService"
78-->src\main\AndroidManifest.xml:52:13-44
79            android:exported="false" >
79-->src\main\AndroidManifest.xml:53:13-37
80            <intent-filter>
80-->src\main\AndroidManifest.xml:54:13-56:29
81                <action android:name="com.google.firebase.MESSAGING_EVENT" />
81-->src\main\AndroidManifest.xml:55:17-78
81-->src\main\AndroidManifest.xml:55:25-75
82            </intent-filter>
83        </service>
84
85        <!-- Keeps mic/camera alive during an active call (Android 14+ typed FGS). -->
86        <service
86-->src\main\AndroidManifest.xml:60:9-63:65
87            android:name="com.nonsense.chat.call.CallService"
87-->src\main\AndroidManifest.xml:61:13-45
88            android:exported="false"
88-->src\main\AndroidManifest.xml:62:13-37
89            android:foregroundServiceType="microphone|camera" />
89-->src\main\AndroidManifest.xml:63:13-62
90
91        <!-- Phase 2A system VPN shell. Native packet forwarding plugs in later via libbox.aar. -->
92        <service
92-->src\main\AndroidManifest.xml:66:9-77:19
93            android:name="com.nonsense.chat.data.vpn.NonsenseVpnService"
93-->src\main\AndroidManifest.xml:67:13-56
94            android:exported="false"
94-->src\main\AndroidManifest.xml:68:13-37
95            android:foregroundServiceType="specialUse"
95-->src\main\AndroidManifest.xml:69:13-55
96            android:permission="android.permission.BIND_VPN_SERVICE" >
96-->src\main\AndroidManifest.xml:70:13-69
97            <intent-filter>
97-->src\main\AndroidManifest.xml:71:13-73:29
98                <action android:name="android.net.VpnService" />
98-->src\main\AndroidManifest.xml:72:17-65
98-->src\main\AndroidManifest.xml:72:25-62
99            </intent-filter>
100
101            <property
101-->src\main\AndroidManifest.xml:74:13-76:39
102                android:name="android.app.PROPERTY_SPECIAL_USE_FGS_SUBTYPE"
102-->src\main\AndroidManifest.xml:75:17-76
103                android:value="vpn" />
103-->src\main\AndroidManifest.xml:76:17-36
104        </service>
105
106        <!-- Shares camera-captured photos from the attach sheet with the camera app. -->
107        <provider
108            android:name="androidx.core.content.FileProvider"
108-->src\main\AndroidManifest.xml:81:13-62
109            android:authorities="com.nonsensechat.app.fileprovider"
109-->src\main\AndroidManifest.xml:82:13-64
110            android:exported="false"
110-->src\main\AndroidManifest.xml:83:13-37
111            android:grantUriPermissions="true" >
111-->src\main\AndroidManifest.xml:84:13-47
112            <meta-data
112-->src\main\AndroidManifest.xml:85:13-87:54
113                android:name="android.support.FILE_PROVIDER_PATHS"
113-->src\main\AndroidManifest.xml:86:17-67
114                android:resource="@xml/file_paths" />
114-->src\main\AndroidManifest.xml:87:17-51
115        </provider>
116
117        <meta-data
117-->src\main\AndroidManifest.xml:90:9-92:40
118            android:name="com.google.firebase.messaging.default_notification_channel_id"
118-->src\main\AndroidManifest.xml:91:13-89
119            android:value="messages" />
119-->src\main\AndroidManifest.xml:92:13-37
120
121        <service
121-->[com.google.firebase:firebase-messaging-ktx:24.1.0] AndroidManifest.xml:23:9-29:19
122            android:name="com.google.firebase.components.ComponentDiscoveryService"
122-->[com.google.firebase:firebase-messaging-ktx:24.1.0] AndroidManifest.xml:24:13-84
123            android:directBootAware="true"
123-->[com.google.firebase:firebase-common:21.0.0] AndroidManifest.xml:32:13-43
124            android:exported="false" >
124-->[com.google.firebase:firebase-messaging-ktx:24.1.0] AndroidManifest.xml:25:13-37
125            <meta-data
125-->[com.google.firebase:firebase-messaging-ktx:24.1.0] AndroidManifest.xml:26:13-28:85
126                android:name="com.google.firebase.components:com.google.firebase.messaging.ktx.FirebaseMessagingLegacyRegistrar"
126-->[com.google.firebase:firebase-messaging-ktx:24.1.0] AndroidManifest.xml:27:17-129
127                android:value="com.google.firebase.components.ComponentRegistrar" />
127-->[com.google.firebase:firebase-messaging-ktx:24.1.0] AndroidManifest.xml:28:17-82
128            <meta-data
128-->[com.google.firebase:firebase-messaging:24.1.0] AndroidManifest.xml:57:13-59:85
129                android:name="com.google.firebase.components:com.google.firebase.messaging.FirebaseMessagingKtxRegistrar"
129-->[com.google.firebase:firebase-messaging:24.1.0] AndroidManifest.xml:58:17-122
130                android:value="com.google.firebase.components.ComponentRegistrar" />
130-->[com.google.firebase:firebase-messaging:24.1.0] AndroidManifest.xml:59:17-82
131            <meta-data
131-->[com.google.firebase:firebase-messaging:24.1.0] AndroidManifest.xml:60:13-62:85
132                android:name="com.google.firebase.components:com.google.firebase.messaging.FirebaseMessagingRegistrar"
132-->[com.google.firebase:firebase-messaging:24.1.0] AndroidManifest.xml:61:17-119
133                android:value="com.google.firebase.components.ComponentRegistrar" />
133-->[com.google.firebase:firebase-messaging:24.1.0] AndroidManifest.xml:62:17-82
134            <meta-data
134-->[com.google.firebase:firebase-installations:18.0.0] AndroidManifest.xml:15:13-17:85
135                android:name="com.google.firebase.components:com.google.firebase.installations.FirebaseInstallationsKtxRegistrar"
135-->[com.google.firebase:firebase-installations:18.0.0] AndroidManifest.xml:16:17-130
136                android:value="com.google.firebase.components.ComponentRegistrar" />
136-->[com.google.firebase:firebase-installations:18.0.0] AndroidManifest.xml:17:17-82
137            <meta-data
137-->[com.google.firebase:firebase-installations:18.0.0] AndroidManifest.xml:18:13-20:85
138                android:name="com.google.firebase.components:com.google.firebase.installations.FirebaseInstallationsRegistrar"
138-->[com.google.firebase:firebase-installations:18.0.0] AndroidManifest.xml:19:17-127
139                android:value="com.google.firebase.components.ComponentRegistrar" />
139-->[com.google.firebase:firebase-installations:18.0.0] AndroidManifest.xml:20:17-82
140            <meta-data
140-->[com.google.firebase:firebase-common-ktx:21.0.0] AndroidManifest.xml:12:13-14:85
141                android:name="com.google.firebase.components:com.google.firebase.ktx.FirebaseCommonLegacyRegistrar"
141-->[com.google.firebase:firebase-common-ktx:21.0.0] AndroidManifest.xml:13:17-116
142                android:value="com.google.firebase.components.ComponentRegistrar" />
142-->[com.google.firebase:firebase-common-ktx:21.0.0] AndroidManifest.xml:14:17-82
143            <meta-data
143-->[com.google.firebase:firebase-common:21.0.0] AndroidManifest.xml:35:13-37:85
144                android:name="com.google.firebase.components:com.google.firebase.FirebaseCommonKtxRegistrar"
144-->[com.google.firebase:firebase-common:21.0.0] AndroidManifest.xml:36:17-109
145                android:value="com.google.firebase.components.ComponentRegistrar" />
145-->[com.google.firebase:firebase-common:21.0.0] AndroidManifest.xml:37:17-82
146            <meta-data
146-->[com.google.firebase:firebase-datatransport:18.2.0] AndroidManifest.xml:25:13-27:85
147                android:name="com.google.firebase.components:com.google.firebase.datatransport.TransportRegistrar"
147-->[com.google.firebase:firebase-datatransport:18.2.0] AndroidManifest.xml:26:17-115
148                android:value="com.google.firebase.components.ComponentRegistrar" />
148-->[com.google.firebase:firebase-datatransport:18.2.0] AndroidManifest.xml:27:17-82
149        </service>
150
151        <receiver
151-->[com.google.firebase:firebase-messaging:24.1.0] AndroidManifest.xml:29:9-40:20
152            android:name="com.google.firebase.iid.FirebaseInstanceIdReceiver"
152-->[com.google.firebase:firebase-messaging:24.1.0] AndroidManifest.xml:30:13-78
153            android:exported="true"
153-->[com.google.firebase:firebase-messaging:24.1.0] AndroidManifest.xml:31:13-36
154            android:permission="com.google.android.c2dm.permission.SEND" >
154-->[com.google.firebase:firebase-messaging:24.1.0] AndroidManifest.xml:32:13-73
155            <intent-filter>
155-->[com.google.firebase:firebase-messaging:24.1.0] AndroidManifest.xml:33:13-35:29
156                <action android:name="com.google.android.c2dm.intent.RECEIVE" />
156-->[com.google.firebase:firebase-messaging:24.1.0] AndroidManifest.xml:34:17-81
156-->[com.google.firebase:firebase-messaging:24.1.0] AndroidManifest.xml:34:25-78
157            </intent-filter>
158
159            <meta-data
159-->[com.google.firebase:firebase-messaging:24.1.0] AndroidManifest.xml:37:13-39:40
160                android:name="com.google.android.gms.cloudmessaging.FINISHED_AFTER_HANDLED"
160-->[com.google.firebase:firebase-messaging:24.1.0] AndroidManifest.xml:38:17-92
161                android:value="true" />
161-->[com.google.firebase:firebase-messaging:24.1.0] AndroidManifest.xml:39:17-37
162        </receiver>
163        <!--
164             FirebaseMessagingService performs security checks at runtime,
165             but set to not exported to explicitly avoid allowing another app to call it.
166        -->
167        <service
167-->[com.google.firebase:firebase-messaging:24.1.0] AndroidManifest.xml:46:9-53:19
168            android:name="com.google.firebase.messaging.FirebaseMessagingService"
168-->[com.google.firebase:firebase-messaging:24.1.0] AndroidManifest.xml:47:13-82
169            android:directBootAware="true"
169-->[com.google.firebase:firebase-messaging:24.1.0] AndroidManifest.xml:48:13-43
170            android:exported="false" >
170-->[com.google.firebase:firebase-messaging:24.1.0] AndroidManifest.xml:49:13-37
171            <intent-filter android:priority="-500" >
171-->src\main\AndroidManifest.xml:54:13-56:29
172                <action android:name="com.google.firebase.MESSAGING_EVENT" />
172-->src\main\AndroidManifest.xml:55:17-78
172-->src\main\AndroidManifest.xml:55:25-75
173            </intent-filter>
174        </service>
175
176        <activity
176-->[com.google.android.gms:play-services-base:18.0.1] AndroidManifest.xml:20:9-22:45
177            android:name="com.google.android.gms.common.api.GoogleApiActivity"
177-->[com.google.android.gms:play-services-base:18.0.1] AndroidManifest.xml:20:19-85
178            android:exported="false"
178-->[com.google.android.gms:play-services-base:18.0.1] AndroidManifest.xml:22:19-43
179            android:theme="@android:style/Theme.Translucent.NoTitleBar" />
179-->[com.google.android.gms:play-services-base:18.0.1] AndroidManifest.xml:21:19-78
180
181        <provider
181-->[com.google.firebase:firebase-common:21.0.0] AndroidManifest.xml:23:9-28:39
182            android:name="com.google.firebase.provider.FirebaseInitProvider"
182-->[com.google.firebase:firebase-common:21.0.0] AndroidManifest.xml:24:13-77
183            android:authorities="com.nonsensechat.app.firebaseinitprovider"
183-->[com.google.firebase:firebase-common:21.0.0] AndroidManifest.xml:25:13-72
184            android:directBootAware="true"
184-->[com.google.firebase:firebase-common:21.0.0] AndroidManifest.xml:26:13-43
185            android:exported="false"
185-->[com.google.firebase:firebase-common:21.0.0] AndroidManifest.xml:27:13-37
186            android:initOrder="100" />
186-->[com.google.firebase:firebase-common:21.0.0] AndroidManifest.xml:28:13-36
187
188        <activity
188-->[androidx.compose.ui:ui-tooling-android:1.7.6] AndroidManifest.xml:23:9-25:39
189            android:name="androidx.compose.ui.tooling.PreviewActivity"
189-->[androidx.compose.ui:ui-tooling-android:1.7.6] AndroidManifest.xml:24:13-71
190            android:exported="true" />
190-->[androidx.compose.ui:ui-tooling-android:1.7.6] AndroidManifest.xml:25:13-36
191
192        <provider
192-->[io.github.jan-tennert.supabase:storage-kt-android-debug:3.1.1] AndroidManifest.xml:9:9-17:20
193            android:name="androidx.startup.InitializationProvider"
193-->[io.github.jan-tennert.supabase:storage-kt-android-debug:3.1.1] AndroidManifest.xml:10:13-67
194            android:authorities="com.nonsensechat.app.androidx-startup"
194-->[io.github.jan-tennert.supabase:storage-kt-android-debug:3.1.1] AndroidManifest.xml:11:13-68
195            android:exported="false" >
195-->[io.github.jan-tennert.supabase:storage-kt-android-debug:3.1.1] AndroidManifest.xml:12:13-37
196            <meta-data
196-->[io.github.jan-tennert.supabase:storage-kt-android-debug:3.1.1] AndroidManifest.xml:14:13-16:52
197                android:name="io.github.jan.supabase.storage.SupabaseInitializer"
197-->[io.github.jan-tennert.supabase:storage-kt-android-debug:3.1.1] AndroidManifest.xml:15:17-82
198                android:value="androidx.startup" />
198-->[io.github.jan-tennert.supabase:storage-kt-android-debug:3.1.1] AndroidManifest.xml:16:17-49
199            <meta-data
199-->[io.github.jan-tennert.supabase:auth-kt-android-debug:3.1.1] AndroidManifest.xml:14:13-16:52
200                android:name="io.github.jan.supabase.auth.SupabaseInitializer"
200-->[io.github.jan-tennert.supabase:auth-kt-android-debug:3.1.1] AndroidManifest.xml:15:17-79
201                android:value="androidx.startup" />
201-->[io.github.jan-tennert.supabase:auth-kt-android-debug:3.1.1] AndroidManifest.xml:16:17-49
202            <meta-data
202-->[androidx.emoji2:emoji2:1.3.0] AndroidManifest.xml:29:13-31:52
203                android:name="androidx.emoji2.text.EmojiCompatInitializer"
203-->[androidx.emoji2:emoji2:1.3.0] AndroidManifest.xml:30:17-75
204                android:value="androidx.startup" />
204-->[androidx.emoji2:emoji2:1.3.0] AndroidManifest.xml:31:17-49
205            <meta-data
205-->[androidx.lifecycle:lifecycle-process:2.8.7] AndroidManifest.xml:29:13-31:52
206                android:name="androidx.lifecycle.ProcessLifecycleInitializer"
206-->[androidx.lifecycle:lifecycle-process:2.8.7] AndroidManifest.xml:30:17-78
207                android:value="androidx.startup" />
207-->[androidx.lifecycle:lifecycle-process:2.8.7] AndroidManifest.xml:31:17-49
208            <meta-data
208-->[androidx.profileinstaller:profileinstaller:1.3.1] AndroidManifest.xml:29:13-31:52
209                android:name="androidx.profileinstaller.ProfileInstallerInitializer"
209-->[androidx.profileinstaller:profileinstaller:1.3.1] AndroidManifest.xml:30:17-85
210                android:value="androidx.startup" />
210-->[androidx.profileinstaller:profileinstaller:1.3.1] AndroidManifest.xml:31:17-49
211            <meta-data
211-->[com.russhwolf:multiplatform-settings-no-arg-android-debug:1.3.0] AndroidManifest.xml:29:13-31:52
212                android:name="com.russhwolf.settings.SettingsInitializer"
212-->[com.russhwolf:multiplatform-settings-no-arg-android-debug:1.3.0] AndroidManifest.xml:30:17-74
213                android:value="androidx.startup" />
213-->[com.russhwolf:multiplatform-settings-no-arg-android-debug:1.3.0] AndroidManifest.xml:31:17-49
214        </provider>
215
216        <service
216-->[androidx.room:room-runtime:2.6.1] AndroidManifest.xml:24:9-28:63
217            android:name="androidx.room.MultiInstanceInvalidationService"
217-->[androidx.room:room-runtime:2.6.1] AndroidManifest.xml:25:13-74
218            android:directBootAware="true"
218-->[androidx.room:room-runtime:2.6.1] AndroidManifest.xml:26:13-43
219            android:exported="false" />
219-->[androidx.room:room-runtime:2.6.1] AndroidManifest.xml:27:13-37
220
221        <meta-data
221-->[com.google.android.gms:play-services-basement:18.3.0] AndroidManifest.xml:21:9-23:69
222            android:name="com.google.android.gms.version"
222-->[com.google.android.gms:play-services-basement:18.3.0] AndroidManifest.xml:22:13-58
223            android:value="@integer/google_play_services_version" />
223-->[com.google.android.gms:play-services-basement:18.3.0] AndroidManifest.xml:23:13-66
224
225        <receiver
225-->[androidx.profileinstaller:profileinstaller:1.3.1] AndroidManifest.xml:34:9-52:20
226            android:name="androidx.profileinstaller.ProfileInstallReceiver"
226-->[androidx.profileinstaller:profileinstaller:1.3.1] AndroidManifest.xml:35:13-76
227            android:directBootAware="false"
227-->[androidx.profileinstaller:profileinstaller:1.3.1] AndroidManifest.xml:36:13-44
228            android:enabled="true"
228-->[androidx.profileinstaller:profileinstaller:1.3.1] AndroidManifest.xml:37:13-35
229            android:exported="true"
229-->[androidx.profileinstaller:profileinstaller:1.3.1] AndroidManifest.xml:38:13-36
230            android:permission="android.permission.DUMP" >
230-->[androidx.profileinstaller:profileinstaller:1.3.1] AndroidManifest.xml:39:13-57
231            <intent-filter>
231-->[androidx.profileinstaller:profileinstaller:1.3.1] AndroidManifest.xml:40:13-42:29
232                <action android:name="androidx.profileinstaller.action.INSTALL_PROFILE" />
232-->[androidx.profileinstaller:profileinstaller:1.3.1] AndroidManifest.xml:41:17-91
232-->[androidx.profileinstaller:profileinstaller:1.3.1] AndroidManifest.xml:41:25-88
233            </intent-filter>
234            <intent-filter>
234-->[androidx.profileinstaller:profileinstaller:1.3.1] AndroidManifest.xml:43:13-45:29
235                <action android:name="androidx.profileinstaller.action.SKIP_FILE" />
235-->[androidx.profileinstaller:profileinstaller:1.3.1] AndroidManifest.xml:44:17-85
235-->[androidx.profileinstaller:profileinstaller:1.3.1] AndroidManifest.xml:44:25-82
236            </intent-filter>
237            <intent-filter>
237-->[androidx.profileinstaller:profileinstaller:1.3.1] AndroidManifest.xml:46:13-48:29
238                <action android:name="androidx.profileinstaller.action.SAVE_PROFILE" />
238-->[androidx.profileinstaller:profileinstaller:1.3.1] AndroidManifest.xml:47:17-88
238-->[androidx.profileinstaller:profileinstaller:1.3.1] AndroidManifest.xml:47:25-85
239            </intent-filter>
240            <intent-filter>
240-->[androidx.profileinstaller:profileinstaller:1.3.1] AndroidManifest.xml:49:13-51:29
241                <action android:name="androidx.profileinstaller.action.BENCHMARK_OPERATION" />
241-->[androidx.profileinstaller:profileinstaller:1.3.1] AndroidManifest.xml:50:17-95
241-->[androidx.profileinstaller:profileinstaller:1.3.1] AndroidManifest.xml:50:25-92
242            </intent-filter>
243        </receiver>
244
245        <service
245-->[com.google.android.datatransport:transport-backend-cct:3.1.9] AndroidManifest.xml:28:9-34:19
246            android:name="com.google.android.datatransport.runtime.backends.TransportBackendDiscovery"
246-->[com.google.android.datatransport:transport-backend-cct:3.1.9] AndroidManifest.xml:29:13-103
247            android:exported="false" >
247-->[com.google.android.datatransport:transport-backend-cct:3.1.9] AndroidManifest.xml:30:13-37
248            <meta-data
248-->[com.google.android.datatransport:transport-backend-cct:3.1.9] AndroidManifest.xml:31:13-33:39
249                android:name="backend:com.google.android.datatransport.cct.CctBackendFactory"
249-->[com.google.android.datatransport:transport-backend-cct:3.1.9] AndroidManifest.xml:32:17-94
250                android:value="cct" />
250-->[com.google.android.datatransport:transport-backend-cct:3.1.9] AndroidManifest.xml:33:17-36
251        </service>
252        <service
252-->[com.google.android.datatransport:transport-runtime:3.1.9] AndroidManifest.xml:26:9-30:19
253            android:name="com.google.android.datatransport.runtime.scheduling.jobscheduling.JobInfoSchedulerService"
253-->[com.google.android.datatransport:transport-runtime:3.1.9] AndroidManifest.xml:27:13-117
254            android:exported="false"
254-->[com.google.android.datatransport:transport-runtime:3.1.9] AndroidManifest.xml:28:13-37
255            android:permission="android.permission.BIND_JOB_SERVICE" >
255-->[com.google.android.datatransport:transport-runtime:3.1.9] AndroidManifest.xml:29:13-69
256        </service>
257
258        <receiver
258-->[com.google.android.datatransport:transport-runtime:3.1.9] AndroidManifest.xml:32:9-34:40
259            android:name="com.google.android.datatransport.runtime.scheduling.jobscheduling.AlarmManagerSchedulerBroadcastReceiver"
259-->[com.google.android.datatransport:transport-runtime:3.1.9] AndroidManifest.xml:33:13-132
260            android:exported="false" />
260-->[com.google.android.datatransport:transport-runtime:3.1.9] AndroidManifest.xml:34:13-37
261    </application>
262
263</manifest>